<?xml version="1.0" encoding="UTF-8"?>
<!-- Generated by org.testng.reporters.JUnitReportReporter -->
<testsuite hostname="AbdurRuaf" failures="0" tests="8" name="ecommerce.Batch8TestNG.NewTest" time="47.497" errors="0" timestamp="2023-11-20T09:36:59 EST" skipped="0">
  <testcase classname="ecommerce.Batch8TestNG.NewTest" name="test1" time="5.505"/>
  <system-out/>
  <testcase classname="ecommerce.Batch8TestNG.NewTest" name="test8" time="5.247"/>
  <system-out/>
  <testcase classname="ecommerce.Batch8TestNG.NewTest" name="test5" time="5.330"/>
  <system-out/>
  <testcase classname="ecommerce.Batch8TestNG.NewTest" name="test7" time="5.303"/>
  <system-out/>
  <testcase classname="ecommerce.Batch8TestNG.NewTest" name="test3" time="5.484"/>
  <system-out/>
  <testcase classname="ecommerce.Batch8TestNG.NewTest" name="test6" time="5.675"/>
  <system-out/>
  <testcase classname="ecommerce.Batch8TestNG.NewTest" name="test2" time="9.680"/>
  <system-out/>
  <testcase classname="ecommerce.Batch8TestNG.NewTest" name="test4" time="5.273"/>
  <system-out/>
</testsuite> <!-- ecommerce.Batch8TestNG.NewTest -->
