<?xml version="1.0" encoding="UTF-8"?>
<!-- Generated by org.testng.reporters.JUnitReportReporter -->
<testsuite hostname="AbdurRuaf" failures="0" tests="1" name="ecommerce.Batch8TestNG.beforeandaftermethod" time="68.480" errors="0" timestamp="2023-11-20T10:50:59 EST" skipped="0">
  <testcase classname="ecommerce.Batch8TestNG.beforeandaftermethod" name="f" time="68.480"/>
  <system-out/>
</testsuite> <!-- ecommerce.Batch8TestNG.beforeandaftermethod -->
