<?xml version="1.0" encoding="UTF-8"?>
<!-- Generated by org.testng.reporters.JUnitReportReporter -->
<testsuite hostname="AbdurRuaf" failures="0" tests="2" name="ecommerce.Batch8TestNG.NewTestdp" time="21.992" errors="0" timestamp="2023-12-15T14:38:35 EST" skipped="0">
  <testcase classname="ecommerce.Batch8TestNG.NewTestdp" name="f" time="11.316"/>
  <system-out/>
  <testcase classname="ecommerce.Batch8TestNG.NewTestdp" name="f" time="10.676"/>
  <system-out/>
</testsuite> <!-- ecommerce.Batch8TestNG.NewTestdp -->
