<?xml version="1.0" encoding="UTF-8"?>
<!-- Generated by org.testng.reporters.JUnitReportReporter -->
<testsuite hostname="AbdurRuaf" failures="0" tests="2" name="ecommerce.Batch8TestNG.Parentclass" time="21.857" errors="0" timestamp="2023-12-19T11:58:51 EST" skipped="0">
  <testcase classname="ecommerce.Batch8TestNG.Parentclass" name="test2" time="10.073"/>
  <system-out/>
  <testcase classname="ecommerce.Batch8TestNG.Parentclass" name="test1" time="11.784"/>
  <system-out/>
</testsuite> <!-- ecommerce.Batch8TestNG.Parentclass -->
